<?xml version="1.0" encoding="UTF-8"?>
<!-- Generated by org.testng.reporters.JUnitXMLReporter -->
<testsuite ignored="0" hostname="DESKTOP-UF6MTFO" failures="0" tests="1" name="Test check" time="0.126" errors="0" timestamp="2024-03-31T10:19:26 IST">
  <testcase classname="mainpackage.MainClass" name="@BeforeTest driverLaunch" time="0.082">
    <failure type="org.openqa.selenium.remote.NoSuchDriverException" message="chromedriver located at F:\Drivers\chromedriver.exe, but invalid
For documentation on this error, please visit: https://www.selenium.dev/documentation/webdriver/troubleshooting/errors/driver_location/
Build info: version: &amp;apos;4.13.0&amp;apos;, revision: &amp;apos;ba948ece5b*&amp;apos;
System info: os.name: &amp;apos;Windows 11&amp;apos;, os.arch: &amp;apos;amd64&amp;apos;, os.version: &amp;apos;10.0&amp;apos;, java.version: &amp;apos;17.0.10&amp;apos;
Driver info: driver.version: ChromeDriver">
      <![CDATA[org.openqa.selenium.remote.NoSuchDriverException: chromedriver located at F:\Drivers\chromedriver.exe, but invalid
For documentation on this error, please visit: https://www.selenium.dev/documentation/webdriver/troubleshooting/errors/driver_location/
Build info: version: '4.13.0', revision: 'ba948ece5b*'
System info: os.name: 'Windows 11', os.arch: 'amd64', os.version: '10.0', java.version: '17.0.10'
Driver info: driver.version: ChromeDriver
at org.openqa.selenium.remote.service.DriverFinder.getPath(DriverFinder.java:45)
at org.openqa.selenium.remote.service.DriverFinder.getPath(DriverFinder.java:13)
at org.openqa.selenium.chrome.ChromeDriver.generateExecutor(ChromeDriver.java:99)
at org.openqa.selenium.chrome.ChromeDriver.<init>(ChromeDriver.java:88)
at org.openqa.selenium.chrome.ChromeDriver.<init>(ChromeDriver.java:83)
at org.openqa.selenium.chrome.ChromeDriver.<init>(ChromeDriver.java:51)
at mainpackage.MainClass.driverLaunch(MainClass.java:15)
... Removed 24 stack frames]]>
    </failure>
  </testcase> <!-- @BeforeTest driverLaunch -->
  <testcase classname="mainpackage.MainClass" name="@AfterTest driverCLose" time="-1.711860566551E9">
    <skipped/>
  </testcase> <!-- @AfterTest driverCLose -->
  <testcase classname="sampleTestPackage.SampleTestClass" name="sampleForm" time="0.0">
    <skipped/>
  </testcase> <!-- sampleForm -->
</testsuite> <!-- Test check -->
